<?xml version="1.0" encoding="UTF-8"?>
<!-- Generated by org.testng.reporters.JUnitXMLReporter -->
<testsuite ignored="3" hostname="MSI" failures="0" tests="1" name="Default test" time="2.357" errors="0" timestamp="2022-08-24T21:47:44 WIB">
  <testcase classname="com.juaracoding.posttest21.TestPost" name="TestPatch" time="2.334"/>
  <testcase classname="com.juaracoding.posttest21.TestPost" name="TestPut" time="0.0">
    <ignored/>
  </testcase> <!-- TestPut -->
  <testcase classname="com.juaracoding.posttest21.TestPost" name="TestDelete" time="0.0">
    <ignored/>
  </testcase> <!-- TestDelete -->
  <testcase classname="com.juaracoding.posttest21.TestPost" name="TestPost21" time="0.0">
    <ignored/>
  </testcase> <!-- TestPost21 -->
</testsuite> <!-- Default test -->
