<?xml version="1.0" encoding="UTF-8"?>
<!-- Generated by org.testng.reporters.JUnitXMLReporter -->
<testsuite ignored="3" hostname="MSI" failures="0" tests="1" name="Default test" time="2.487" errors="0" timestamp="2022-08-23T23:49:08 WIB">
  <testcase classname="com.juaracoding.posttest21.TestGet" name="TestValidTiga" time="2.467"/>
  <testcase classname="com.juaracoding.posttest21.TestGet" name="TestValidSatu" time="0.0">
    <ignored/>
  </testcase> <!-- TestValidSatu -->
  <testcase classname="com.juaracoding.posttest21.TestGet" name="TestValidDua" time="0.0">
    <ignored/>
  </testcase> <!-- TestValidDua -->
  <testcase classname="com.juaracoding.posttest21.TestGet" name="TestStatusCode" time="0.0">
    <ignored/>
  </testcase> <!-- TestStatusCode -->
</testsuite> <!-- Default test -->
